<?xml version="1.0" encoding="UTF-8"?>
<!-- Generated by org.testng.reporters.JUnitReportReporter -->
<testsuite hostname="Jyots-MacBook-Pro.local" failures="0" tests="1" name="amazon.test.AmazonTest" time="40.565" errors="0" timestamp="2022-08-14T17:38:19 PDT" skipped="0">
  <testcase classname="amazon.test.AmazonTest" name="navigateToElectronicsNValidateTitle" time="40.565"/>
  <system-out/>
</testsuite> <!-- amazon.test.AmazonTest -->
